This file contains any messages produced by compilers while
running configure, to aid debugging if configure makes a mistake.

It was created by hostIfMgr configure 1.0, which was
generated by GNU Autoconf 2.71.  Invocation command line was

  $ ./configure --enable-gtest

## --------- ##
## Platform. ##
## --------- ##

hostname = 808d0d919b70
uname -m = x86_64
uname -r = 6.17.0-1010-azure
uname -s = Linux
uname -v = #10~24.04.1-Ubuntu SMP Fri Mar  6 22:00:57 UTC 2026

/usr/bin/uname -p = x86_64
/bin/uname -X     = unknown

/bin/arch              = x86_64
/usr/bin/arch -k       = unknown
/usr/convex/getsysinfo = unknown
/usr/bin/hostinfo      = unknown
/bin/machine           = unknown
/usr/bin/oslevel       = unknown
/bin/universe          = unknown

PATH: /usr/local/sbin/
PATH: /usr/local/bin/
PATH: /usr/sbin/
PATH: /usr/bin/
PATH: /sbin/
PATH: /bin/


## ----------- ##
## Core tests. ##
## ----------- ##

configure:3025: looking for aux files: compile config.guess config.sub ltmain.sh missing install-sh
configure:3038:  trying ./cfg/
configure:3067:   ./cfg/compile found
configure:3067:   ./cfg/config.guess found
configure:3067:   ./cfg/config.sub found
configure:3067:   ./cfg/ltmain.sh found
configure:3067:   ./cfg/missing found
configure:3049:   ./cfg/install-sh found
configure:3200: checking for a BSD-compatible install
configure:3273: result: /usr/bin/install -c
configure:3284: checking whether build environment is sane
configure:3339: result: yes
configure:3498: checking for a race-free mkdir -p
configure:3542: result: /usr/bin/mkdir -p
configure:3549: checking for gawk
configure:3584: result: no
configure:3549: checking for mawk
configure:3570: found /usr/bin/mawk
configure:3581: result: mawk
configure:3592: checking whether make sets $(MAKE)
configure:3615: result: yes
configure:3645: checking whether make supports nested variables
configure:3663: result: yes
configure:3835: checking build system type
configure:3850: result: x86_64-pc-linux-gnu
configure:3870: checking host system type
configure:3884: result: x86_64-pc-linux-gnu
configure:3925: checking how to print strings
configure:3952: result: printf
configure:3986: checking whether make supports the include directive
configure:4001: make -f confmf.GNU && cat confinc.out
this is the am__doit target
configure:4004: $? = 0
configure:4023: result: yes (GNU style)
configure:4099: checking for gcc
configure:4120: found /usr/bin/gcc
configure:4131: result: gcc
configure:4484: checking for C compiler version
configure:4493: gcc --version >&5
gcc (Ubuntu 11.4.0-1ubuntu1~22.04.3) 11.4.0
Copyright (C) 2021 Free Software Foundation, Inc.
This is free software; see the source for copying conditions.  There is NO
warranty; not even for MERCHANTABILITY or FITNESS FOR A PARTICULAR PURPOSE.

configure:4504: $? = 0
configure:4493: gcc -v >&5
Using built-in specs.
COLLECT_GCC=gcc
COLLECT_LTO_WRAPPER=/usr/lib/gcc/x86_64-linux-gnu/11/lto-wrapper
OFFLOAD_TARGET_NAMES=nvptx-none:amdgcn-amdhsa
OFFLOAD_TARGET_DEFAULT=1
Target: x86_64-linux-gnu
Configured with: ../src/configure -v --with-pkgversion='Ubuntu 11.4.0-1ubuntu1~22.04.3' --with-bugurl=file:///usr/share/doc/gcc-11/README.Bugs --enable-languages=c,ada,c++,go,brig,d,fortran,objc,obj-c++,m2 --prefix=/usr --with-gcc-major-version-only --program-suffix=-11 --program-prefix=x86_64-linux-gnu- --enable-shared --enable-linker-build-id --libexecdir=/usr/lib --without-included-gettext --enable-threads=posix --libdir=/usr/lib --enable-nls --enable-bootstrap --enable-clocale=gnu --enable-libstdcxx-debug --enable-libstdcxx-time=yes --with-default-libstdcxx-abi=new --enable-gnu-unique-object --disable-vtable-verify --enable-plugin --enable-default-pie --with-system-zlib --enable-libphobos-checking=release --with-target-system-zlib=auto --enable-objc-gc=auto --enable-multiarch --disable-werror --enable-cet --with-arch-32=i686 --with-abi=m64 --with-multilib-list=m32,m64,mx32 --enable-multilib --with-tune=generic --enable-offload-targets=nvptx-none=/build/gcc-11-0odw26/gcc-11-11.4.0/debian/tmp-nvptx/usr,amdgcn-amdhsa=/build/gcc-11-0odw26/gcc-11-11.4.0/debian/tmp-gcn/usr --without-cuda-driver --enable-checking=release --build=x86_64-linux-gnu --host=x86_64-linux-gnu --target=x86_64-linux-gnu --with-build-config=bootstrap-lto-lean --enable-link-serialization=2
Thread model: posix
Supported LTO compression algorithms: zlib zstd
gcc version 11.4.0 (Ubuntu 11.4.0-1ubuntu1~22.04.3) 
... rest of stderr output deleted ...
configure:4504: $? = 0
configure:4493: gcc -V >&5
gcc: error: unrecognized command-line option '-V'
gcc: fatal error: no input files
compilation terminated.
configure:4504: $? = 1
configure:4493: gcc -qversion >&5
gcc: error: unrecognized command-line option '-qversion'; did you mean '--version'?
gcc: fatal error: no input files
compilation terminated.
configure:4504: $? = 1
configure:4493: gcc -version >&5
gcc: error: unrecognized command-line option '-version'
gcc: fatal error: no input files
compilation terminated.
configure:4504: $? = 1
configure:4524: checking whether the C compiler works
configure:4546: gcc    conftest.c  >&5
configure:4550: $? = 0
configure:4600: result: yes
configure:4603: checking for C compiler default output file name
configure:4605: result: a.out
configure:4611: checking for suffix of executables
configure:4618: gcc -o conftest    conftest.c  >&5
configure:4622: $? = 0
configure:4645: result: 
configure:4667: checking whether we are cross compiling
configure:4675: gcc -o conftest    conftest.c  >&5
configure:4679: $? = 0
configure:4686: ./conftest
configure:4690: $? = 0
configure:4705: result: no
configure:4710: checking for suffix of object files
configure:4733: gcc -c   conftest.c >&5
configure:4737: $? = 0
configure:4759: result: o
configure:4763: checking whether the compiler supports GNU C
configure:4783: gcc -c   conftest.c >&5
configure:4783: $? = 0
configure:4793: result: yes
configure:4804: checking whether gcc accepts -g
configure:4825: gcc -c -g  conftest.c >&5
configure:4825: $? = 0
configure:4869: result: yes
configure:4889: checking for gcc option to enable C11 features
configure:4904: gcc  -c -g -O2  conftest.c >&5
configure:4904: $? = 0
configure:4922: result: none needed
configure:5038: checking whether gcc understands -c and -o together
configure:5061: gcc -c conftest.c -o conftest2.o
configure:5064: $? = 0
configure:5061: gcc -c conftest.c -o conftest2.o
configure:5064: $? = 0
configure:5076: result: yes
configure:5095: checking dependency style of gcc
configure:5207: result: gcc3
configure:5222: checking for a sed that does not truncate output
configure:5292: result: /usr/bin/sed
configure:5310: checking for grep that handles long lines and -e
configure:5374: result: /usr/bin/grep
configure:5379: checking for egrep
configure:5447: result: /usr/bin/grep -E
configure:5452: checking for fgrep
configure:5520: result: /usr/bin/grep -F
configure:5556: checking for ld used by gcc
configure:5624: result: /usr/bin/ld
configure:5631: checking if the linker (/usr/bin/ld) is GNU ld
configure:5647: result: yes
configure:5659: checking for BSD- or MS-compatible name lister (nm)
configure:5714: result: /usr/bin/nm -B
configure:5854: checking the name lister (/usr/bin/nm -B) interface
configure:5862: gcc -c -g -O2  conftest.c >&5
configure:5865: /usr/bin/nm -B "conftest.o"
configure:5868: output
0000000000000000 B some_variable
configure:5875: result: BSD nm
configure:5878: checking whether ln -s works
configure:5882: result: yes
configure:5890: checking the maximum length of command line arguments
configure:6022: result: 3145728
configure:6070: checking how to convert x86_64-pc-linux-gnu file names to x86_64-pc-linux-gnu format
configure:6111: result: func_convert_file_noop
configure:6118: checking how to convert x86_64-pc-linux-gnu file names to toolchain format
configure:6139: result: func_convert_file_noop
configure:6146: checking for /usr/bin/ld option to reload object files
configure:6154: result: -r
configure:6233: checking for objdump
configure:6254: found /usr/bin/objdump
configure:6265: result: objdump
configure:6297: checking how to recognize dependent libraries
configure:6498: result: pass_all
configure:6588: checking for dlltool
configure:6623: result: no
configure:6653: checking how to associate runtime and link libraries
configure:6681: result: printf %s\n
configure:6747: checking for ar
configure:6768: found /usr/bin/ar
configure:6779: result: ar
configure:6816: checking for archiver @FILE support
configure:6834: gcc -c -g -O2  conftest.c >&5
configure:6834: $? = 0
configure:6838: ar cr libconftest.a @conftest.lst >&5
configure:6841: $? = 0
configure:6846: ar cr libconftest.a @conftest.lst >&5
ar: conftest.o: No such file or directory
configure:6849: $? = 1
configure:6861: result: @
configure:6924: checking for strip
configure:6945: found /usr/bin/strip
configure:6956: result: strip
configure:7033: checking for ranlib
configure:7054: found /usr/bin/ranlib
configure:7065: result: ranlib
configure:7167: checking command to parse /usr/bin/nm -B output from gcc object
configure:7321: gcc -c -g -O2  conftest.c >&5
configure:7324: $? = 0
configure:7328: /usr/bin/nm -B conftest.o | sed -n -e 's/^.*[	 ]\([ABCDGIRSTW][ABCDGIRSTW]*\)[	 ][	 ]*\([_A-Za-z][_A-Za-z0-9]*\)$/\1 \2 \2/p' | sed '/ __gnu_lto/d' > conftest.nm
configure:7394: gcc -o conftest -g -O2   conftest.c conftstm.o >&5
configure:7397: $? = 0
configure:7435: result: ok
configure:7482: checking for sysroot
configure:7513: result: no
configure:7520: checking for a working dd
configure:7564: result: /usr/bin/dd
configure:7568: checking how to truncate binary pipes
configure:7584: result: /usr/bin/dd bs=4096 count=1
configure:7721: gcc -c -g -O2  conftest.c >&5
configure:7724: $? = 0
configure:7921: checking for mt
configure:7956: result: no
configure:7976: checking if : is a manifest tool
configure:7983: : '-?'
configure:7991: result: no
configure:8721: checking for stdio.h
configure:8721: gcc -c -g -O2  conftest.c >&5
configure:8721: $? = 0
configure:8721: result: yes
configure:8721: checking for stdlib.h
configure:8721: gcc -c -g -O2  conftest.c >&5
configure:8721: $? = 0
configure:8721: result: yes
configure:8721: checking for string.h
configure:8721: gcc -c -g -O2  conftest.c >&5
configure:8721: $? = 0
configure:8721: result: yes
configure:8721: checking for inttypes.h
configure:8721: gcc -c -g -O2  conftest.c >&5
configure:8721: $? = 0
configure:8721: result: yes
configure:8721: checking for stdint.h
configure:8721: gcc -c -g -O2  conftest.c >&5
configure:8721: $? = 0
configure:8721: result: yes
configure:8721: checking for strings.h
configure:8721: gcc -c -g -O2  conftest.c >&5
configure:8721: $? = 0
configure:8721: result: yes
configure:8721: checking for sys/stat.h
configure:8721: gcc -c -g -O2  conftest.c >&5
configure:8721: $? = 0
configure:8721: result: yes
configure:8721: checking for sys/types.h
configure:8721: gcc -c -g -O2  conftest.c >&5
configure:8721: $? = 0
configure:8721: result: yes
configure:8721: checking for unistd.h
configure:8721: gcc -c -g -O2  conftest.c >&5
configure:8721: $? = 0
configure:8721: result: yes
configure:8746: checking for dlfcn.h
configure:8746: gcc -c -g -O2  conftest.c >&5
configure:8746: $? = 0
configure:8746: result: yes
configure:9005: checking for objdir
configure:9021: result: .libs
configure:9285: checking if gcc supports -fno-rtti -fno-exceptions
configure:9304: gcc -c -g -O2  -fno-rtti -fno-exceptions conftest.c >&5
cc1: warning: command-line option '-fno-rtti' is valid for C++/D/ObjC++ but not for C
configure:9308: $? = 0
configure:9321: result: no
configure:9685: checking for gcc option to produce PIC
configure:9693: result: -fPIC -DPIC
configure:9701: checking if gcc PIC flag -fPIC -DPIC works
configure:9720: gcc -c -g -O2  -fPIC -DPIC -DPIC conftest.c >&5
configure:9724: $? = 0
configure:9737: result: yes
configure:9766: checking if gcc static flag -static works
configure:9795: result: yes
configure:9810: checking if gcc supports -c -o file.o
configure:9832: gcc -c -g -O2  -o out/conftest2.o conftest.c >&5
configure:9836: $? = 0
configure:9858: result: yes
configure:9866: checking if gcc supports -c -o file.o
configure:9914: result: yes
configure:9947: checking whether the gcc linker (/usr/bin/ld -m elf_x86_64) supports shared libraries
configure:11217: result: yes
configure:11254: checking whether -lc should be explicitly linked in
configure:11263: gcc -c -g -O2  conftest.c >&5
configure:11266: $? = 0
configure:11281: gcc -shared  -fPIC -DPIC conftest.o  -v -Wl,-soname -Wl,conftest -o conftest 2\>\&1 \| /usr/bin/grep  -lc  \>/dev/null 2\>\&1
configure:11284: $? = 0
configure:11298: result: no
configure:11458: checking dynamic linker characteristics
configure:12040: gcc -o conftest -g -O2   -Wl,-rpath -Wl,/foo conftest.c  >&5
configure:12040: $? = 0
configure:12291: result: GNU/Linux ld.so
configure:12413: checking how to hardcode library paths into programs
configure:12438: result: immediate
configure:12990: checking whether stripping libraries is possible
configure:12995: result: yes
configure:13030: checking if libtool supports shared libraries
configure:13032: result: yes
configure:13035: checking whether to build shared libraries
configure:13060: result: yes
configure:13063: checking whether to build static libraries
configure:13067: result: yes
configure:13146: checking whether make supports nested variables
configure:13164: result: yes
configure:13214: moca11 profile is disabled
configure:13232: moca20 profile is disabled
configure:13296: checking for pkg-config
configure:13319: found /usr/bin/pkg-config
configure:13331: result: /usr/bin/pkg-config
configure:13356: checking pkg-config is at least version 0.9.0
configure:13359: result: yes
configure:13467: checking for libproc >= 3.2.8
configure:13474: $PKG_CONFIG --exists --print-errors "libproc >= 3.2.8"
Package libproc was not found in the pkg-config search path.
Perhaps you should add the directory containing `libproc.pc'
to the PKG_CONFIG_PATH environment variable
No package 'libproc' found
configure:13477: $? = 1
configure:13491: $PKG_CONFIG --exists --print-errors "libproc >= 3.2.8"
Package libproc was not found in the pkg-config search path.
Perhaps you should add the directory containing `libproc.pc'
to the PKG_CONFIG_PATH environment variable
No package 'libproc' found
configure:13494: $? = 1
configure:13508: result: no
No package 'libproc' found
configure:13524: error: Package requirements (libproc >= 3.2.8) were not met:

No package 'libproc' found

Consider adjusting the PKG_CONFIG_PATH environment variable if you
installed software in a non-standard prefix.

Alternatively, you may set the environment variables PROCPS_CFLAGS
and PROCPS_LIBS to avoid the need to call pkg-config.
See the pkg-config man page for more details.

## ---------------- ##
## Cache variables. ##
## ---------------- ##

ac_cv_build=x86_64-pc-linux-gnu
ac_cv_c_compiler_gnu=yes
ac_cv_env_CCC_set=
ac_cv_env_CCC_value=
ac_cv_env_CC_set=
ac_cv_env_CC_value=
ac_cv_env_CFLAGS_set=
ac_cv_env_CFLAGS_value=
ac_cv_env_CPPFLAGS_set=
ac_cv_env_CPPFLAGS_value=
ac_cv_env_CXXCPP_set=
ac_cv_env_CXXCPP_value=
ac_cv_env_CXXFLAGS_set=
ac_cv_env_CXXFLAGS_value=
ac_cv_env_CXX_set=
ac_cv_env_CXX_value=
ac_cv_env_GLIB_CFLAGS_set=
ac_cv_env_GLIB_CFLAGS_value=
ac_cv_env_GLIB_LIBS_set=
ac_cv_env_GLIB_LIBS_value=
ac_cv_env_GTHREAD_CFLAGS_set=
ac_cv_env_GTHREAD_CFLAGS_value=
ac_cv_env_GTHREAD_LIBS_set=
ac_cv_env_GTHREAD_LIBS_value=
ac_cv_env_LDFLAGS_set=
ac_cv_env_LDFLAGS_value=
ac_cv_env_LIBS_set=
ac_cv_env_LIBS_value=
ac_cv_env_LT_SYS_LIBRARY_PATH_set=
ac_cv_env_LT_SYS_LIBRARY_PATH_value=
ac_cv_env_PKG_CONFIG_LIBDIR_set=
ac_cv_env_PKG_CONFIG_LIBDIR_value=
ac_cv_env_PKG_CONFIG_PATH_set=
ac_cv_env_PKG_CONFIG_PATH_value=
ac_cv_env_PKG_CONFIG_set=
ac_cv_env_PKG_CONFIG_value=
ac_cv_env_PROCPS_CFLAGS_set=
ac_cv_env_PROCPS_CFLAGS_value=
ac_cv_env_PROCPS_LIBS_set=
ac_cv_env_PROCPS_LIBS_value=
ac_cv_env_build_alias_set=
ac_cv_env_build_alias_value=
ac_cv_env_host_alias_set=
ac_cv_env_host_alias_value=
ac_cv_env_target_alias_set=
ac_cv_env_target_alias_value=
ac_cv_header_dlfcn_h=yes
ac_cv_header_inttypes_h=yes
ac_cv_header_stdint_h=yes
ac_cv_header_stdio_h=yes
ac_cv_header_stdlib_h=yes
ac_cv_header_string_h=yes
ac_cv_header_strings_h=yes
ac_cv_header_sys_stat_h=yes
ac_cv_header_sys_types_h=yes
ac_cv_header_unistd_h=yes
ac_cv_host=x86_64-pc-linux-gnu
ac_cv_objext=o
ac_cv_path_EGREP='/usr/bin/grep -E'
ac_cv_path_FGREP='/usr/bin/grep -F'
ac_cv_path_GREP=/usr/bin/grep
ac_cv_path_SED=/usr/bin/sed
ac_cv_path_ac_pt_PKG_CONFIG=/usr/bin/pkg-config
ac_cv_path_install='/usr/bin/install -c'
ac_cv_path_lt_DD=/usr/bin/dd
ac_cv_path_mkdir=/usr/bin/mkdir
ac_cv_prog_AWK=mawk
ac_cv_prog_ac_ct_AR=ar
ac_cv_prog_ac_ct_CC=gcc
ac_cv_prog_ac_ct_OBJDUMP=objdump
ac_cv_prog_ac_ct_RANLIB=ranlib
ac_cv_prog_ac_ct_STRIP=strip
ac_cv_prog_cc_c11=
ac_cv_prog_cc_g=yes
ac_cv_prog_cc_stdc=
ac_cv_prog_make_make_set=yes
am_cv_CC_dependencies_compiler_type=gcc3
am_cv_make_support_nested_variables=yes
am_cv_prog_cc_c_o=yes
lt_cv_ar_at_file=@
lt_cv_archive_cmds_need_lc=no
lt_cv_deplibs_check_method=pass_all
lt_cv_file_magic_cmd='$MAGIC_CMD'
lt_cv_file_magic_test_file=
lt_cv_ld_reload_flag=-r
lt_cv_nm_interface='BSD nm'
lt_cv_objdir=.libs
lt_cv_path_LD=/usr/bin/ld
lt_cv_path_NM='/usr/bin/nm -B'
lt_cv_path_mainfest_tool=no
lt_cv_prog_compiler_c_o=yes
lt_cv_prog_compiler_pic='-fPIC -DPIC'
lt_cv_prog_compiler_pic_works=yes
lt_cv_prog_compiler_rtti_exceptions=no
lt_cv_prog_compiler_static_works=yes
lt_cv_prog_gnu_ld=yes
lt_cv_sharedlib_from_linklib_cmd='printf %s\n'
lt_cv_shlibpath_overrides_runpath=yes
lt_cv_sys_global_symbol_pipe='sed -n -e '\''s/^.*[	 ]\([ABCDGIRSTW][ABCDGIRSTW]*\)[	 ][	 ]*\([_A-Za-z][_A-Za-z0-9]*\)$/\1 \2 \2/p'\'' | sed '\''/ __gnu_lto/d'\'''
lt_cv_sys_global_symbol_to_c_name_address='sed -n -e '\''s/^: \(.*\) .*$/  {"\1", (void *) 0},/p'\'' -e '\''s/^[ABCDGIRSTW][ABCDGIRSTW]* .* \(.*\)$/  {"\1", (void *) \&\1},/p'\'''
lt_cv_sys_global_symbol_to_c_name_address_lib_prefix='sed -n -e '\''s/^: \(.*\) .*$/  {"\1", (void *) 0},/p'\'' -e '\''s/^[ABCDGIRSTW][ABCDGIRSTW]* .* \(lib.*\)$/  {"\1", (void *) \&\1},/p'\'' -e '\''s/^[ABCDGIRSTW][ABCDGIRSTW]* .* \(.*\)$/  {"lib\1", (void *) \&\1},/p'\'''
lt_cv_sys_global_symbol_to_cdecl='sed -n -e '\''s/^T .* \(.*\)$/extern int \1();/p'\'' -e '\''s/^[ABCDGIRSTW][ABCDGIRSTW]* .* \(.*\)$/extern char \1;/p'\'''
lt_cv_sys_global_symbol_to_import=
lt_cv_sys_max_cmd_len=3145728
lt_cv_to_host_file_cmd=func_convert_file_noop
lt_cv_to_tool_file_cmd=func_convert_file_noop
lt_cv_truncate_bin='/usr/bin/dd bs=4096 count=1'

## ----------------- ##
## Output variables. ##
## ----------------- ##

ACLOCAL='${SHELL} '\''/mnt/workspace/cfg/missing'\'' aclocal-1.16'
AMDEPBACKSLASH='\'
AMDEP_FALSE='#'
AMDEP_TRUE=''
AMTAR='$${TAR-tar}'
AM_BACKSLASH='\'
AM_DEFAULT_V='$(AM_DEFAULT_VERBOSITY)'
AM_DEFAULT_VERBOSITY='0'
AM_V='$(V)'
AR='ar'
AUTOCONF='${SHELL} '\''/mnt/workspace/cfg/missing'\'' autoconf'
AUTOHEADER='${SHELL} '\''/mnt/workspace/cfg/missing'\'' autoheader'
AUTOMAKE='${SHELL} '\''/mnt/workspace/cfg/missing'\'' automake-1.16'
AWK='mawk'
BLE_TILE_PROFILE=' '
CC='gcc'
CCDEPMODE='depmode=gcc3'
CFLAGS='-g -O2'
CPPFLAGS=''
CSCOPE='cscope'
CTAGS='ctags'
CXX=''
CXXCPP=''
CXXDEPMODE=''
CXXFLAGS=''
CYGPATH_W='echo'
DEFS=''
DEPDIR='.deps'
DHCPv4_PROFILE_FLAG=' '
DLLTOOL='false'
DSYMUTIL=''
DUMPBIN=''
ECHO_C=''
ECHO_N='-n'
ECHO_T=''
EGREP='/usr/bin/grep -E'
ENABLE_BLE_TILE_PROFILE_FALSE=''
ENABLE_BLE_TILE_PROFILE_TRUE=''
ENABLE_RDK_STMGR_V2_FALSE=''
ENABLE_RDK_STMGR_V2_TRUE=''
ETAGS='etags'
EXEEXT=''
FGREP='/usr/bin/grep -F'
GLIB_CFLAGS=''
GLIB_LIBS=''
GREP='/usr/bin/grep'
GTHREAD_CFLAGS=''
GTHREAD_LIBS=''
HAVE_VALUE_CHANGE_EVENT_FLAG=' '
HWSELFTEST_PROFILE_FLAG=' '
INSTALL_DATA='${INSTALL} -m 644'
INSTALL_PROGRAM='${INSTALL}'
INSTALL_SCRIPT='${INSTALL}'
INSTALL_STRIP_PROGRAM='$(install_sh) -c -s'
INTFSTACK_PROFILE_FLAG=' '
IPV6_SUPPORT_FLAG=''
IS_TELEMETRY2_ENABLED_FALSE=''
IS_TELEMETRY2_ENABLED_TRUE=''
IS_YOCTO_ENABLED_FALSE=''
IS_YOCTO_ENABLED_TRUE=''
LD='/usr/bin/ld -m elf_x86_64'
LDFLAGS=''
LIBOBJS=''
LIBS=''
LIBSOUP3_ENABLE_FALSE=''
LIBSOUP3_ENABLE_TRUE=''
LIBTOOL='$(SHELL) $(top_builddir)/libtool'
LIPO=''
LN_S='ln -s'
LTLIBOBJS=''
LT_SYS_LIBRARY_PATH=''
MAKEINFO='${SHELL} '\''/mnt/workspace/cfg/missing'\'' makeinfo'
MANIFEST_TOOL=':'
MKDIR_P='/usr/bin/mkdir -p'
MOCA2_FLAG=' '
MOCAMGR_FLAGS=' '
NEW_HTTP_SERVER_DISABLE_FLAG=' '
NM='/usr/bin/nm -B'
NMEDIT=''
OBJDUMP='objdump'
OBJEXT='o'
OTOOL64=''
OTOOL=''
PACKAGE='hostifmgr'
PACKAGE_BUGREPORT='rajnish_dey2@cable.comcast.com'
PACKAGE_NAME='hostIfMgr'
PACKAGE_STRING='hostIfMgr 1.0'
PACKAGE_TARNAME='hostifmgr'
PACKAGE_URL=''
PACKAGE_VERSION='1.0'
PARODUS_ENABLE_FLAG=' '
PATH_SEPARATOR=':'
PKG_CONFIG='/usr/bin/pkg-config'
PKG_CONFIG_LIBDIR=''
PKG_CONFIG_PATH=''
POWERCONTROLLER_ENABLE_FALSE=''
POWERCONTROLLER_ENABLE_TRUE=''
PROCPS_CFLAGS=''
PROCPS_LIBS=''
PROFILE_SRC=''
RANLIB='ranlib'
RDK_SUPPORT_PARODUS_FALSE=''
RDK_SUPPORT_PARODUS_TRUE=''
SED='/usr/bin/sed'
SET_MAKE=''
SHELL='/bin/bash'
SNMP_ADAPTER_FLAG=' '
SPEEDTEST_SUPPORT_FLAG=''
STORAGESERVICE_PROFILE_FLAG=' '
STRIP='strip'
SUBDIRS_DHCPv4=' '
SUBDIRS_INTFSTACK=' '
SUBDIRS_MOCA=' '
SUBDIRS_STORAGESERVICE=' '
SUBDIRS_WIFI=' '
SYSTEMD_SDNOTIFY_CFLAGS=' '
SYSTEMD_SDNOTIFY_LDFLAGS=' '
T2_EVENT_FLAG=''
VERSION='1.0'
WEBCONFIG_LITE_FLAG=' '
WEB_CONFIG_ENABLE=' '
WIFI_CLIENT_ROAMING=''
WIFI_CLIENT_ROAMING_FALSE=''
WIFI_CLIENT_ROAMING_TRUE=''
WIFI_PROFILE_ENABLE=''
WIFI_PROFILE_FLAG=''
WITH_DHCP_PROFILE_FALSE=''
WITH_DHCP_PROFILE_TRUE=''
WITH_HWSELFTEST_PROFILE_FALSE=''
WITH_HWSELFTEST_PROFILE_TRUE=''
WITH_INTFSTACK_PROFILE_FALSE=''
WITH_INTFSTACK_PROFILE_TRUE=''
WITH_IPV6_SUPPORT_FALSE=''
WITH_IPV6_SUPPORT_TRUE=''
WITH_MOCA20_FALSE=''
WITH_MOCA20_TRUE=''
WITH_MOCA_PROFILE_FALSE=''
WITH_MOCA_PROFILE_TRUE=''
WITH_NEW_HTTP_SERVER_DISABLE_FALSE=''
WITH_NEW_HTTP_SERVER_DISABLE_TRUE=''
WITH_NOTIFICATION_SUPPORT_FALSE=''
WITH_NOTIFICATION_SUPPORT_TRUE=''
WITH_PARODUS_SUPPORT_FALSE=''
WITH_PARODUS_SUPPORT_TRUE=''
WITH_SNMP_ADAPTER_FALSE=''
WITH_SNMP_ADAPTER_TRUE=''
WITH_SPEEDTEST_SUPPORT_FALSE=''
WITH_SPEEDTEST_SUPPORT_TRUE=''
WITH_STORAGESERVICE_PROFILE_FALSE=''
WITH_STORAGESERVICE_PROFILE_TRUE=''
WITH_WEBPA_RFC_FALSE=''
WITH_WEBPA_RFC_TRUE=''
WITH_WIFI_PROFILE_FALSE=''
WITH_WIFI_PROFILE_TRUE=''
WITH_XRDK_BT_PROFILE_FALSE=''
WITH_XRDK_BT_PROFILE_TRUE=''
WITH_XRDK_EMMC_PROFILE_FALSE=''
WITH_XRDK_EMMC_PROFILE_TRUE=''
WITH_XRDK_RF4CE_PROFILE_FALSE=''
WITH_XRDK_RF4CE_PROFILE_TRUE=''
WITH_XRDK_SDCARD_PROFILE_FALSE=''
WITH_XRDK_SDCARD_PROFILE_TRUE=''
XRDK_BT_PROFILE_FLAG=' '
XRDK_EMMC_PROFILE_FLAG=' '
XRDK_RF4CE_PROFILE_FLAG=' '
XRDK_SDCARD_PROFILE_FLAG=' '
XRELIB_FLAG_FALSE=''
XRELIB_FLAG_TRUE='#'
XREMGR_FLAGS=' '
YOCTO_FLAG=' '
ac_ct_AR='ar'
ac_ct_CC='gcc'
ac_ct_CXX=''
ac_ct_DUMPBIN=''
am__EXEEXT_FALSE=''
am__EXEEXT_TRUE=''
am__fastdepCC_FALSE='#'
am__fastdepCC_TRUE=''
am__fastdepCXX_FALSE=''
am__fastdepCXX_TRUE=''
am__include='include'
am__isrc=''
am__leading_dot='.'
am__nodep='_no'
am__quote=''
am__tar='$${TAR-tar} chof - "$$tardir"'
am__untar='$${TAR-tar} xf -'
bindir='${exec_prefix}/bin'
build='x86_64-pc-linux-gnu'
build_alias=''
build_cpu='x86_64'
build_os='linux-gnu'
build_vendor='pc'
datadir='${datarootdir}'
datarootdir='${prefix}/share'
docdir='${datarootdir}/doc/${PACKAGE_TARNAME}'
dvidir='${docdir}'
exec_prefix='NONE'
host='x86_64-pc-linux-gnu'
host_alias=''
host_cpu='x86_64'
host_os='linux-gnu'
host_vendor='pc'
htmldir='${docdir}'
includedir='${prefix}/include'
infodir='${datarootdir}/info'
install_sh='${SHELL} /mnt/workspace/cfg/install-sh'
libdir='${exec_prefix}/lib'
libexecdir='${exec_prefix}/libexec'
localedir='${datarootdir}/locale'
localstatedir='${prefix}/var'
mandir='${datarootdir}/man'
mkdir_p='$(MKDIR_P)'
oldincludedir='/usr/include'
pdfdir='${docdir}'
prefix='NONE'
program_transform_name='s,x,x,'
psdir='${docdir}'
runstatedir='${localstatedir}/run'
sbindir='${exec_prefix}/sbin'
sharedstatedir='${prefix}/com'
sysconfdir='${prefix}/etc'
target_alias=''

## ----------- ##
## confdefs.h. ##
## ----------- ##

/* confdefs.h */
#define PACKAGE_NAME "hostIfMgr"
#define PACKAGE_TARNAME "hostifmgr"
#define PACKAGE_VERSION "1.0"
#define PACKAGE_STRING "hostIfMgr 1.0"
#define PACKAGE_BUGREPORT "rajnish_dey2@cable.comcast.com"
#define PACKAGE_URL ""
#define PACKAGE "hostifmgr"
#define VERSION "1.0"
#define HAVE_STDIO_H 1
#define HAVE_STDLIB_H 1
#define HAVE_STRING_H 1
#define HAVE_INTTYPES_H 1
#define HAVE_STDINT_H 1
#define HAVE_STRINGS_H 1
#define HAVE_SYS_STAT_H 1
#define HAVE_SYS_TYPES_H 1
#define HAVE_UNISTD_H 1
#define STDC_HEADERS 1
#define HAVE_DLFCN_H 1
#define LT_OBJDIR ".libs/"

configure: exit 1
